{
  "RSpec": {
    "coverage": {
      "/Users/david/Desktop/projects/bookmark_challenge/with_Nikhil/Bookmark-Manager/app/app.rb": [
        1,
        1,
        1,
        1,
        1,
        null,
        null,
        1,
        1,
        1,
        null,
        1,
        1,
        null,
        null,
        1,
        6,
        null,
        6,
        null,
        null,
        1,
        3,
        null,
        null,
        1,
        2,
        1,
        1,
        1,
        null,
        1,
        1,
        null,
        null,
        null,
        1,
        1,
        1,
        1,
        null,
        null,
        1,
        1,
        1,
        1,
        1,
        null,
        null,
        1,
        1,
        1,
        1,
        1,
        null,
        null,
        null,
        null,
        1,
        null
      ],
      "/Users/david/Desktop/projects/bookmark_challenge/with_Nikhil/Bookmark-Manager/app/lib/bookmark.rb": [
        1,
        1,
        null,
        1,
        null,
        1,
        null,
        1,
        26,
        26,
        26,
        null,
        null,
        1,
        8,
        8,
        10,
        null,
        null,
        null,
        1,
        13,
        13,
        null,
        null,
        1,
        2,
        null,
        null,
        1,
        1,
        1,
        null,
        null,
        1,
        2,
        2,
        null,
        null
      ],
      "/Users/david/Desktop/projects/bookmark_challenge/with_Nikhil/Bookmark-Manager/app/lib/database_connection.rb": [
        1,
        null,
        1,
        1,
        4,
        null,
        null,
        1,
        1,
        null,
        null,
        1,
        27,
        null,
        null
      ],
      "/Users/david/Desktop/projects/bookmark_challenge/with_Nikhil/Bookmark-Manager/app/database_connection_setup.rb": [
        1,
        null,
        null,
        1,
        1,
        null,
        0,
        null
      ],
      "/Users/david/Desktop/projects/bookmark_challenge/with_Nikhil/Bookmark-Manager/spec/bookmarks_spec.rb": [
        1,
        1,
        null,
        1,
        1,
        1,
        1,
        null,
        null,
        1,
        1,
        1,
        null,
        1,
        null,
        1,
        1,
        null,
        1,
        1,
        null,
        null,
        null,
        1,
        1,
        1,
        null,
        1,
        1,
        null,
        null,
        1,
        1,
        null,
        1,
        null,
        null,
        null,
        1,
        1,
        1,
        1,
        1,
        null,
        null,
        null,
        1,
        1,
        1,
        1,
        null,
        1,
        1,
        1,
        1,
        null,
        null,
        null
      ],
      "/Users/david/Desktop/projects/bookmark_challenge/with_Nikhil/Bookmark-Manager/spec/database_connection_spec.rb": [
        1,
        null,
        1,
        1,
        1,
        1,
        1,
        null,
        null,
        null,
        1,
        1,
        1,
        null,
        null,
        1,
        1,
        1,
        1,
        1,
        null,
        null,
        null
      ],
      "/Users/david/Desktop/projects/bookmark_challenge/with_Nikhil/Bookmark-Manager/spec/features/capybara_spec.rb": [
        1,
        null,
        1,
        1,
        1,
        null,
        null,
        1,
        1,
        null,
        null,
        null,
        null,
        null,
        1,
        1,
        1,
        null,
        null,
        1,
        null,
        1,
        1,
        1,
        null,
        null,
        null,
        1,
        1,
        1,
        1,
        1,
        1,
        1,
        null,
        null,
        null,
        1,
        1,
        1,
        1,
        1,
        1,
        1,
        1,
        1,
        1,
        1,
        1,
        1,
        null,
        null,
        null,
        1,
        1,
        1,
        1,
        1,
        1,
        1,
        1,
        null,
        null,
        null,
        null
      ],
      "/Users/david/Desktop/projects/bookmark_challenge/with_Nikhil/Bookmark-Manager/spec/features/deleting_a_bookmark_spec.rb": [
        null,
        null,
        null,
        null,
        null,
        null,
        null,
        null,
        null,
        null,
        null,
        null,
        null,
        null,
        null,
        null,
        null,
        null,
        null,
        null,
        null,
        null,
        null,
        null
      ],
      "/Users/david/Desktop/projects/bookmark_challenge/with_Nikhil/Bookmark-Manager/spec/features/validate_url_spec.rb": [
        1,
        1,
        1,
        1,
        1,
        1,
        1,
        1,
        null,
        null
      ]
    },
    "timestamp": 1549035985
  }
}
