{
  "RSpec": {
    "coverage": {
      "/Users/nikhil/Documents/Code/MAKERS/Week_4/Bookmark_Manager/app/app.rb": [
        1,
        1,
        1,
        null,
        1,
        1,
        null,
        1,
        1,
        null,
        null,
        1,
        6,
        null,
        6,
        null,
        null,
        1,
        1,
        null,
        null,
        1,
        1,
        1,
        1,
        1,
        null,
        null,
        1,
        1,
        1,
        1,
        null,
        null,
        1,
        1,
        1,
        1,
        1,
        null,
        null,
        1,
        1,
        1,
        1,
        1,
        null,
        null,
        null,
        null,
        1,
        null
      ],
      "/Users/nikhil/Documents/Code/MAKERS/Week_4/Bookmark_Manager/app/lib/bookmark.rb": [
        1,
        1,
        null,
        1,
        null,
        1,
        null,
        1,
        25,
        25,
        25,
        null,
        null,
        1,
        8,
        8,
        10,
        null,
        null,
        null,
        1,
        12,
        12,
        null,
        null,
        1,
        2,
        null,
        null,
        1,
        1,
        1,
        null,
        null,
        1,
        null,
        null,
        null,
        null,
        null,
        null,
        2,
        2,
        null,
        null,
        null
      ],
      "/Users/nikhil/Documents/Code/MAKERS/Week_4/Bookmark_Manager/app/lib/database_connection.rb": [
        1,
        null,
        1,
        1,
        4,
        null,
        null,
        1,
        1,
        null,
        null,
        1,
        26,
        null,
        null
      ],
      "/Users/nikhil/Documents/Code/MAKERS/Week_4/Bookmark_Manager/app/database_connection_setup.rb": [
        1,
        null,
        null,
        1,
        1,
        null,
        0,
        null
      ],
      "/Users/nikhil/Documents/Code/MAKERS/Week_4/Bookmark_Manager/spec/bookmarks_spec.rb": [
        1,
        1,
        null,
        1,
        1,
        1,
        1,
        null,
        null,
        1,
        1,
        1,
        null,
        1,
        null,
        1,
        1,
        null,
        1,
        1,
        null,
        null,
        null,
        1,
        1,
        1,
        null,
        1,
        1,
        null,
        null,
        null,
        1,
        1,
        1,
        1,
        1,
        null,
        null,
        null,
        1,
        1,
        1,
        1,
        null,
        1,
        1,
        1,
        1,
        null,
        null,
        null
      ],
      "/Users/nikhil/Documents/Code/MAKERS/Week_4/Bookmark_Manager/spec/database_connection_spec.rb": [
        1,
        null,
        1,
        1,
        1,
        1,
        1,
        null,
        null,
        null,
        1,
        1,
        1,
        null,
        null,
        1,
        1,
        1,
        1,
        1,
        null,
        null,
        null
      ],
      "/Users/nikhil/Documents/Code/MAKERS/Week_4/Bookmark_Manager/spec/features/capybara_spec.rb": [
        1,
        null,
        1,
        1,
        1,
        null,
        null,
        1,
        1,
        null,
        null,
        null,
        null,
        null,
        1,
        1,
        1,
        null,
        null,
        1,
        null,
        1,
        1,
        1,
        null,
        null,
        null,
        1,
        1,
        1,
        1,
        1,
        1,
        1,
        null,
        null,
        null,
        1,
        1,
        1,
        1,
        1,
        1,
        1,
        1,
        1,
        1,
        1,
        1,
        1,
        null,
        null,
        null,
        1,
        1,
        1,
        1,
        1,
        1,
        1,
        1,
        null,
        null,
        null,
        null
      ],
      "/Users/nikhil/Documents/Code/MAKERS/Week_4/Bookmark_Manager/spec/features/deleting_a_bookmark_spec.rb": [
        null,
        null,
        null,
        null,
        null,
        null,
        null,
        null,
        null,
        null,
        null,
        null,
        null,
        null,
        null,
        null,
        null,
        null,
        null,
        null,
        null,
        null,
        null,
        null
      ]
    },
    "timestamp": 1549031644
  }
}
